<?xml version="1.0" encoding="UTF-8"?>
<testng-results ignored="0" total="2" passed="2" failed="0" skipped="0">
  <reporter-output>
  </reporter-output>
  <suite started-at="2023-09-19T23:07:51 EDT" name="Default suite" finished-at="2023-09-19T23:07:56 EDT" duration-ms="5043">
    <groups>
    </groups>
    <test started-at="2023-09-19T23:07:51 EDT" name="Default test" finished-at="2023-09-19T23:07:56 EDT" duration-ms="5043">
      <class name="loginTest.OpenFacebook">
        <test-method is-config="true" signature="OpenApplication()[pri:0, instance:loginTest.OpenFacebook@77888435]" started-at="2023-09-19T23:07:51 EDT" name="OpenApplication" finished-at="2023-09-19T23:07:55 EDT" duration-ms="4598" status="PASS">
          <reporter-output>
          </reporter-output>
        </test-method> <!-- OpenApplication -->
        <test-method signature="assertionTest()[pri:0, instance:loginTest.OpenFacebook@77888435]" started-at="2023-09-19T23:07:55 EDT" name="assertionTest" finished-at="2023-09-19T23:07:55 EDT" duration-ms="35" status="PASS">
          <reporter-output>
          </reporter-output>
        </test-method> <!-- assertionTest -->
        <test-method signature="loginTest()[pri:0, instance:loginTest.OpenFacebook@77888435]" started-at="2023-09-19T23:07:55 EDT" name="loginTest" finished-at="2023-09-19T23:07:56 EDT" duration-ms="330" status="PASS">
          <reporter-output>
          </reporter-output>
        </test-method> <!-- loginTest -->
      </class> <!-- loginTest.OpenFacebook -->
    </test> <!-- Default test -->
  </suite> <!-- Default suite -->
</testng-results>
